Using pre-set license
Built from '2020.3/release' branch; Version is '2020.3.7f1 (dd97f2c94397) revision 14522354'; Using compiler version '192528614'; Build Type 'Release'
OS: 'Windows 10 Home; OS build 19041.928; Version 2004; 64bit' Language: 'en' Physical Memory: 8007 MB
BatchMode: 1, IsHumanControllingUs: 0, StartBugReporterOnCrash: 0, Is64bit: 1, IsPro: 0

 COMMAND LINE ARGUMENTS:
C:\Program Files\Unity\Hub\Editor\2020.3.7f1\Editor\Unity.exe
-adb2
-batchMode
-noUpm
-name
AssetImportWorker0
-projectPath
C:/Users/amich/Desktop/Unity projects/Scribbles
-logFile
Logs/AssetImportWorker0.log
-srvPort
51903
Successfully changed project path to: C:/Users/amich/Desktop/Unity projects/Scribbles
C:/Users/amich/Desktop/Unity projects/Scribbles
Using Asset Import Pipeline V2.
Refreshing native plugins compatible for Editor in 215.83 ms, found 4 plugins.
Preloading 1 native plugins for Editor in 2.86 ms.
Initialize engine version: 2020.3.7f1 (dd97f2c94397)
[Subsystems] Discovering subsystems at path C:/Program Files/Unity/Hub/Editor/2020.3.7f1/Editor/Data/Resources/UnitySubsystems
[Subsystems] Discovering subsystems at path C:/Users/amich/Desktop/Unity projects/Scribbles/Assets
GfxDevice: creating device client; threaded=0
Direct3D:
    Version:  Direct3D 11.0 [level 11.1]
    Renderer: Intel(R) UHD Graphics 620 (ID=0x5917)
    Vendor:   
    VRAM:     4003 MB
    Driver:   27.20.100.8681
Shader 'Oculus/OVRMRCameraFrameLit': fallback shader 'Alpha-Diffuse' not found
Initialize mono
Mono path[0] = 'C:/Program Files/Unity/Hub/Editor/2020.3.7f1/Editor/Data/Managed'
Mono path[1] = 'C:/Program Files/Unity/Hub/Editor/2020.3.7f1/Editor/Data/MonoBleedingEdge/lib/mono/unityjit'
Mono config path = 'C:/Program Files/Unity/Hub/Editor/2020.3.7f1/Editor/Data/MonoBleedingEdge/etc'
Using monoOptions --debugger-agent=transport=dt_socket,embedding=1,server=y,suspend=n,address=127.0.0.1:56900
Begin MonoManager ReloadAssembly
Registering precompiled unity dll's ...
Register platform support module: C:/Program Files/Unity/Hub/Editor/2020.3.7f1/Editor/Data/PlaybackEngines/WindowsStandaloneSupport/UnityEditor.WindowsStandalone.Extensions.dll
Registered in 0.007306 seconds.
Native extension for WindowsStandalone target not found
Refreshing native plugins compatible for Editor in 205.41 ms, found 4 plugins.
Preloading 1 native plugins for Editor in 2.30 ms.
Mono: successfully reloaded assembly
- Completed reload, in  9.916 seconds
Platform modules already initialized, skipping
Registering precompiled user dll's ...
Registered in 0.009118 seconds.
Begin MonoManager ReloadAssembly
Native extension for WindowsStandalone target not found
Refreshing native plugins compatible for Editor in 3.25 ms, found 4 plugins.
Preloading 1 native plugins for Editor in 7.73 ms.
Mono: successfully reloaded assembly
- Completed reload, in  3.442 seconds
Platform modules already initialized, skipping
========================================================================
Worker process is ready to serve import requests
Shader 'Oculus/OVRMRCameraFrameLit': fallback shader 'Alpha-Diffuse' not found
Launched and connected shader compiler UnityShaderCompiler.exe after 0.21 seconds
Refreshing native plugins compatible for Editor in 1.54 ms, found 4 plugins.
Preloading 1 native plugins for Editor in 1.81 ms.
Unloading 1794 Unused Serialized files (Serialized files now loaded: 0)
System memory in use before: 91.3 MB.
System memory in use after: 91.3 MB.

Unloading 33 unused Assets to reduce memory usage. Loaded Objects now: 2218.
Total: 5.611300 ms (FindLiveObjects: 1.012600 ms CreateObjectMapping: 0.394800 ms MarkObjects: 3.986300 ms  DeleteObjects: 0.213000 ms)

========================================================================
Received Import Request.
  path: Assets/Scenes
  artifactKey: Guid(285f17a0bd3f2b248b8a12e652410272) Importer(815301076,1909f56bfc062723c751e8b465ee728b)
Start importing Assets/Scenes using Guid(285f17a0bd3f2b248b8a12e652410272) Importer(815301076,1909f56bfc062723c751e8b465ee728b)  -> (artifact id: '6373b35d1070a60ca323aec23fd097c6') in 0.028432 seconds
  Import took 0.039430 seconds .

========================================================================
Received Import Request.
  Time since last request: 0.000468 seconds.
  path: Assets/Scenes/Starter.unity
  artifactKey: Guid(3e39692600c4bd44f942b408b2c616ae) Importer(815301076,1909f56bfc062723c751e8b465ee728b)
Start importing Assets/Scenes/Starter.unity using Guid(3e39692600c4bd44f942b408b2c616ae) Importer(815301076,1909f56bfc062723c751e8b465ee728b)  -> (artifact id: '6cfc20e61b0795fa458150e7cfcb8992') in 0.035690 seconds
  Import took 0.044833 seconds .

AssetImportWorkerClient::OnTransportError - code=2 error=End of file
